#
# There is insufficient memory for the Java Runtime Environment to continue.
# Native memory allocation (malloc) failed to allocate 187392 bytes for Chunk::new
# Possible reasons:
#   The system is out of physical RAM or swap space
#   In 32 bit mode, the process size limit was hit
# Possible solutions:
#   Reduce memory load on the system
#   Increase physical memory or swap space
#   Check if swap backing store is full
#   Use 64 bit Java on a 64 bit OS
#   Decrease Java heap size (-Xmx/-Xms)
#   Decrease number of Java threads
#   Decrease Java thread stack sizes (-Xss)
#   Set larger code cache with -XX:ReservedCodeCacheSize=
# This output file may be truncated or incomplete.
#
#  Out of Memory Error (allocation.cpp:390), pid=36616, tid=0x0000000000009054
#
# JRE version: Java(TM) SE Runtime Environment (8.0_144-b01) (build 1.8.0_144-b01)
# Java VM: Java HotSpot(TM) 64-Bit Server VM (25.144-b01 mixed mode windows-amd64 compressed oops)
# Failed to write core dump. Minidumps are not enabled by default on client versions of Windows
#

---------------  T H R E A D  ---------------

Current thread (0x000000001753f800):  JavaThread "C2 CompilerThread0" daemon [_thread_in_native, id=36948, stack(0x0000000018bb0000,0x0000000018cb0000)]

Stack: [0x0000000018bb0000,0x0000000018cb0000]
[error occurred during error reporting (printing stack bounds), id 0xc0000005]

Native frames: (J=compiled Java code, j=interpreted, Vv=VM code, C=native code)


Current CompileTask:
C2:   1531  603       4       sun.misc.URLClassPath::getResource (83 bytes)


---------------  P R O C E S S  ---------------

Java Threads: ( => current thread )
  0x00000000191b0800 JavaThread "Unknown thread" [_thread_in_native, id=36972, stack(0x00000000194b0000,0x00000000195b0000)]
  0x0000000018ed1000 JavaThread "Unknown thread" [_thread_blocked, id=36960, stack(0x00000000192b0000,0x00000000193b0000)]
  0x0000000017598000 JavaThread "Unknown thread" [_thread_blocked, id=36956, stack(0x0000000018db0000,0x0000000018eb0000)]
  0x0000000017595800 JavaThread "Unknown thread" [_thread_blocked, id=36952, stack(0x0000000018cb0000,0x0000000018db0000)]
=>0x000000001753f800 JavaThread "Unknown thread" [_thread_in_native, id=36948, stack(0x0000000018bb0000,0x0000000018cb0000)]
  0x000000001753e800 JavaThread "Unknown thread" [_thread_blocked, id=36944, stack(0x0000000018ab0000,0x0000000018bb0000)]
  0x000000001753d800 JavaThread "Unknown thread" [_thread_blocked, id=36940, stack(0x00000000189b0000,0x0000000018ab0000)]
  0x000000001752a000 JavaThread "Unknown thread" [_thread_blocked, id=36916, stack(0x00000000187a0000,0x00000000188a0000)]
  0x00000000029f3800 JavaThread "Unknown thread" [_thread_blocked, id=36912, stack(0x00000000186a0000,0x00000000187a0000)]
  0x0000000002903800 JavaThread "Unknown thread" [_thread_blocked, id=36888, stack(0x0000000002800000,0x0000000002900000)]

Other Threads:
  0x0000000017508000 VMThread [stack: 0x00000000185a0000,0x00000000186a0000] [id=36908]
  0x0000000018ee2000 WatcherThread [stack: 0x00000000193b0000,0x00000000194b0000] [id=36968]

VM state:at safepoint (normal execution)

VM Mutex/Monitor currently owned by a thread:  ([mutex/lock_event])
[0x0000000002900950] Threads_lock - owner thread: 0x0000000017508000
[0x0000000002900dd0] Heap_lock - owner thread: 0x0000000002903800

Heap:
 PSYoungGen      total 38400K, used 3387K [0x00000000d5e00000, 0x00000000d8880000, 0x0000000100000000)
  eden space 33280K, 0% used [0x00000000d5e00000,0x00000000d5e00000,0x00000000d7e80000)
  from space 5120K, 66% used [0x00000000d7e80000,0x00000000d81cefa8,0x00000000d8380000)
  to   space 5120K, 0% used [0x00000000d8380000,0x00000000d8380000,0x00000000d8880000)
 ParOldGen       total 87552K, used 8K [0x0000000081a00000, 0x0000000086f80000, 0x00000000d5e00000)
  object space 87552K, 0% used [0x0000000081a00000,0x0000000081a02000,0x0000000086f80000)
 Metaspace       used 8767K, capacity 8934K, committed 9088K, reserved 1071104K
  class space    used 1073K, capacity 1133K, committed 1152K, reserved 1048576K

Card table byte_map: [0x0000000011dc0000,0x00000000121c0000] byte_map_base: 0x00000000119b3000

Marking Bits: (ParMarkBitMap*) 0x000000006563d850
 Begin Bits: [0x0000000012870000, 0x0000000014808000)
 End Bits:   [0x0000000014808000, 0x00000000167a0000)

Polling page: 0x0000000000ad0000

CodeCache: size=245760Kb used=2622Kb max_used=2622Kb free=243137Kb
 bounds [0x0000000002a00000, 0x0000000002c90000, 0x0000000011a00000]
 total_blobs=915 nmethods=598 adapters=229
 compilation: disabled (not enough contiguous free space left)

Compilation events (10 events):
Event: 1.423 Thread 0x0000000017598000 nmethod 594 0x0000000002c8d250 code [0x0000000002c8d3e0, 0x0000000002c8d838]
Event: 1.423 Thread 0x0000000017598000  595       3       com.google.common.collect.Iterators$ArrayItr::get (12 bytes)
Event: 1.424 Thread 0x0000000017598000 nmethod 595 0x0000000002c8d990 code [0x0000000002c8dae0, 0x0000000002c8dc50]
Event: 1.428 Thread 0x0000000017598000  596       3       java.util.jar.Manifest$FastInputStream::readLine (167 bytes)
Event: 1.429 Thread 0x0000000017598000 nmethod 596 0x0000000002c8dd50 code [0x0000000002c8df00, 0x0000000002c8e4b8]
Event: 1.453 Thread 0x0000000017598000  597       3       java.util.HashMap::<init> (11 bytes)
Event: 1.453 Thread 0x0000000017598000 nmethod 597 0x0000000002c8e790 code [0x0000000002c8e900, 0x0000000002c8eb10]
Event: 1.463 Thread 0x0000000017598000  599   !   3       sun.misc.Resource::getBytes (242 bytes)
Event: 1.464 Thread 0x000000001753f800  603       4       sun.misc.URLClassPath::getResource (83 bytes)
Event: 1.465 Thread 0x0000000017598000 


GC Heap History (1 events):
Event: 1.501 GC heap before
{Heap before GC invocations=1 (full 0):
 PSYoungGen      total 38400K, used 19362K [0x00000000d5e00000, 0x00000000d8880000, 0x0000000100000000)
  eden space 33280K, 58% used [0x00000000d5e00000,0x00000000d70e8b68,0x00000000d7e80000)
  from space 5120K, 0% used [0x00000000d8380000,0x00000000d8380000,0x00000000d8880000)
  to   space 5120K, 0% used [0x00000000d7e80000,0x00000000d7e80000,0x00000000d8380000)
 ParOldGen       total 87552K, used 0K [0x0000000081a00000, 0x0000000086f80000, 0x00000000d5e00000)
  object space 87552K, 0% used [0x0000000081a00000,0x0000000081a00000,0x0000000086f80000)
 Metaspace       used 8767K, capacity 8934K, committed 9088K, reserved 1071104K
  class space    used 1073K, capacity 1133K, committed 1152K, reserved 1048576K

Deoptimization events (3 events):
Event: 0.716 Thread 0x0000000002903800 Uncommon trap: reason=unstable_if action=reinterpret pc=0x0000000002b6e3e0 method=java.lang.String.indexOf([CII[CIII)I @ 123
Event: 1.094 Thread 0x0000000002903800 Uncommon trap: reason=unstable_if action=reinterpret pc=0x0000000002bda1d4 method=java.lang.String.indexOf([CII[CIII)I @ 3
Event: 1.369 Thread 0x0000000002903800 Uncommon trap: reason=unstable_if action=reinterpret pc=0x0000000002c08768 method=java.io.WinNTFileSystem.normalize(Ljava/lang/String;)Ljava/lang/String; @ 128

Internal exceptions (10 events):
Event: 1.069 Thread 0x0000000002903800 Exception <a 'java/lang/ArrayIndexOutOfBoundsException'> (0x00000000d6874408) thrown at [C:\re\workspace\8-2-build-windows-amd64-cygwin\jdk8u144\9417\hotspot\src\share\vm\runtime\sharedRuntime.cpp, line 605]
Event: 1.069 Thread 0x0000000002903800 Exception <a 'java/lang/ArrayIndexOutOfBoundsException'> (0x00000000d6875980) thrown at [C:\re\workspace\8-2-build-windows-amd64-cygwin\jdk8u144\9417\hotspot\src\share\vm\runtime\sharedRuntime.cpp, line 605]
Event: 1.070 Thread 0x0000000002903800 Exception <a 'java/lang/ArrayIndexOutOfBoundsException'> (0x00000000d6876db8) thrown at [C:\re\workspace\8-2-build-windows-amd64-cygwin\jdk8u144\9417\hotspot\src\share\vm\runtime\sharedRuntime.cpp, line 605]
Event: 1.070 Thread 0x0000000002903800 Exception <a 'java/lang/ArrayIndexOutOfBoundsException'> (0x00000000d6877c90) thrown at [C:\re\workspace\8-2-build-windows-amd64-cygwin\jdk8u144\9417\hotspot\src\share\vm\runtime\sharedRuntime.cpp, line 605]
Event: 1.072 Thread 0x0000000002903800 Exception <a 'java/lang/ArrayIndexOutOfBoundsException'> (0x00000000d6885a68) thrown at [C:\re\workspace\8-2-build-windows-amd64-cygwin\jdk8u144\9417\hotspot\src\share\vm\runtime\sharedRuntime.cpp, line 605]
Event: 1.272 Thread 0x0000000002903800 Exception <a 'java/lang/NoSuchFieldError': method resolution failed> (0x00000000d6cca508) thrown at [C:\re\workspace\8-2-build-windows-amd64-cygwin\jdk8u144\9417\hotspot\src\share\vm\prims\methodHandles.cpp, line 1146]
Event: 1.274 Thread 0x0000000002903800 Exception <a 'java/lang/NoSuchFieldError': method resolution failed> (0x00000000d6cd7bf8) thrown at [C:\re\workspace\8-2-build-windows-amd64-cygwin\jdk8u144\9417\hotspot\src\share\vm\prims\methodHandles.cpp, line 1146]
Event: 1.319 Thread 0x0000000002903800 Exception <a 'java/lang/IncompatibleClassChangeError': Found class java.lang.Object, but interface was expected> (0x00000000d6e04398) thrown at [C:\re\workspace\8-2-build-windows-amd64-cygwin\jdk8u144\9417\hotspot\src\share\vm\interpreter\linkResolver.cpp
Event: 1.419 Thread 0x0000000002903800 Exception <a 'java/net/UnknownHostException': localhost> (0x00000000d6e92640) thrown at [C:\re\workspace\8-2-build-windows-amd64-cygwin\jdk8u144\9417\hotspot\src\share\vm\prims\jni.cpp, line 735]
Event: 1.483 Thread 0x0000000002903800 Exception <a 'java/lang/NoClassDefFoundError': org/apache/log4j/Priority> (0x00000000d6fdb030) thrown at [C:\re\workspace\8-2-build-windows-amd64-cygwin\jdk8u144\9417\hotspot\src\share\vm\classfile\systemDictionary.cpp, line 199]

Events (10 events):
Event: 1.500 loading class sun/security/x509/X509CertImpl
Event: 1.500 loading class sun/security/x509/X509CertImpl done
Event: 1.500 loading class sun/security/x509/X509CertInfo
Event: 1.500 loading class sun/security/x509/CertAttrSet
Event: 1.500 loading class sun/security/x509/CertAttrSet done
Event: 1.500 loading class sun/security/x509/X509CertInfo done
Event: 1.501 loading class sun/security/x509/CertificateVersion
Event: 1.501 loading class sun/security/x509/CertificateVersion done
Event: 1.501 loading class sun/security/x509/CertificateSerialNumber
Event: 1.501 Executing VM operation: CollectForMetadataAllocation


Dynamic libraries:
0x00007ff7e9680000 - 0x00007ff7e96b7000 	C:\FORMATION\jdk1.8.0_144\bin\javaw.exe
0x00007ffec05a0000 - 0x00007ffec077b000 	C:\windows\SYSTEM32\ntdll.dll
0x00007ffebf770000 - 0x00007ffebf81e000 	C:\windows\System32\KERNEL32.DLL
0x00007ffebd680000 - 0x00007ffebd8c9000 	C:\windows\System32\KERNELBASE.dll
0x00007ffebdf50000 - 0x00007ffebdff1000 	C:\windows\System32\ADVAPI32.dll
0x00007ffebfe50000 - 0x00007ffebfeed000 	C:\windows\System32\msvcrt.dll
0x00007ffebe010000 - 0x00007ffebe069000 	C:\windows\System32\sechost.dll
0x00007ffec0400000 - 0x00007ffec0525000 	C:\windows\System32\RPCRT4.dll
0x00007ffebdd80000 - 0x00007ffebdeca000 	C:\windows\System32\USER32.dll
0x00007ffebcac0000 - 0x00007ffebcade000 	C:\windows\System32\win32u.dll
0x00007ffebdbb0000 - 0x00007ffebdbd7000 	C:\windows\System32\GDI32.dll
0x00007ffebd3f0000 - 0x00007ffebd577000 	C:\windows\System32\gdi32full.dll
0x00007ffebcae0000 - 0x00007ffebcb7a000 	C:\windows\System32\msvcp_win.dll
0x00007ffebd580000 - 0x00007ffebd676000 	C:\windows\System32\ucrtbase.dll
0x00007ffeaff40000 - 0x00007ffeb01a7000 	C:\windows\WinSxS\amd64_microsoft.windows.common-controls_6595b64144ccf1df_6.0.15063.483_none_26002d27e7c744a2\COMCTL32.dll
0x00007ffebfef0000 - 0x00007ffec01e9000 	C:\windows\System32\combase.dll
0x00007ffebd380000 - 0x00007ffebd3ea000 	C:\windows\System32\bcryptPrimitives.dll
0x00007ffec02b0000 - 0x00007ffec02dd000 	C:\windows\System32\IMM32.DLL
0x00000000656c0000 - 0x0000000065792000 	C:\FORMATION\jdk1.8.0_144\jre\bin\msvcr100.dll
0x0000000064e20000 - 0x00000000656bd000 	C:\FORMATION\jdk1.8.0_144\jre\bin\server\jvm.dll
0x00007ffebfa00000 - 0x00007ffebfa08000 	C:\windows\System32\PSAPI.DLL
0x00007ffeb9d50000 - 0x00007ffeb9d73000 	C:\windows\SYSTEM32\WINMM.dll
0x00007ffeb2a90000 - 0x00007ffeb2a9a000 	C:\windows\SYSTEM32\VERSION.dll
0x00007ffeab670000 - 0x00007ffeab679000 	C:\windows\SYSTEM32\WSOCK32.dll
0x00007ffec0530000 - 0x00007ffec059c000 	C:\windows\System32\WS2_32.dll
0x00007ffeb9cf0000 - 0x00007ffeb9d1b000 	C:\windows\SYSTEM32\winmmbase.dll
0x00007ffebd280000 - 0x00007ffebd2c9000 	C:\windows\System32\cfgmgr32.dll
0x0000000064e10000 - 0x0000000064e1f000 	C:\FORMATION\jdk1.8.0_144\jre\bin\verify.dll
0x0000000064de0000 - 0x0000000064e09000 	C:\FORMATION\jdk1.8.0_144\jre\bin\java.dll
0x0000000064dc0000 - 0x0000000064dd6000 	C:\FORMATION\jdk1.8.0_144\jre\bin\zip.dll
0x00007ffebe070000 - 0x00007ffebf4a7000 	C:\windows\System32\SHELL32.dll
0x00007ffebdb00000 - 0x00007ffebdbaa000 	C:\windows\System32\shcore.dll
0x00007ffebcb80000 - 0x00007ffebd271000 	C:\windows\System32\windows.storage.dll
0x00007ffebf5c0000 - 0x00007ffebf611000 	C:\windows\System32\shlwapi.dll
0x00007ffebcaa0000 - 0x00007ffebcab1000 	C:\windows\System32\kernel.appcore.dll
0x00007ffebca30000 - 0x00007ffebca7c000 	C:\windows\System32\powrprof.dll
0x00007ffebca10000 - 0x00007ffebca25000 	C:\windows\System32\profapi.dll
0x0000000064da0000 - 0x0000000064dba000 	C:\FORMATION\jdk1.8.0_144\jre\bin\net.dll
0x00007ffebc320000 - 0x00007ffebc37c000 	C:\windows\system32\mswsock.dll

VM Arguments:
jvm_args: -ea -Dfile.encoding=UTF-8 
java_command: org.eclipse.jdt.internal.junit.runner.RemoteTestRunner -version 3 -port 59588 -testLoaderClass org.eclipse.jdt.internal.junit4.runner.JUnit4TestLoader -loaderpluginname org.eclipse.jdt.junit4.runtime -classNames fr.eql.autom.LibrePlan.ProTa02Test
java_class_path (initial): C:\FORMATION\jdk1.8.0_144\jre\lib\resources.jar;C:\FORMATION\jdk1.8.0_144\jre\lib\rt.jar;C:\FORMATION\jdk1.8.0_144\jre\lib\jsse.jar;C:\FORMATION\jdk1.8.0_144\jre\lib\jce.jar;C:\FORMATION\jdk1.8.0_144\jre\lib\charsets.jar;C:\FORMATION\jdk1.8.0_144\jre\lib\jfr.jar;C:\FORMATION\jdk1.8.0_144\jre\lib\ext\access-bridge-64.jar;C:\FORMATION\jdk1.8.0_144\jre\lib\ext\cldrdata.jar;C:\FORMATION\jdk1.8.0_144\jre\lib\ext\dnsns.jar;C:\FORMATION\jdk1.8.0_144\jre\lib\ext\jaccess.jar;C:\FORMATION\jdk1.8.0_144\jre\lib\ext\jfxrt.jar;C:\FORMATION\jdk1.8.0_144\jre\lib\ext\localedata.jar;C:\FORMATION\jdk1.8.0_144\jre\lib\ext\nashorn.jar;C:\FORMATION\jdk1.8.0_144\jre\lib\ext\sunec.jar;C:\FORMATION\jdk1.8.0_144\jre\lib\ext\sunjce_provider.jar;C:\FORMATION\jdk1.8.0_144\jre\lib\ext\sunmscapi.jar;C:\FORMATION\jdk1.8.0_144\jre\lib\ext\sunpkcs11.jar;C:\FORMATION\jdk1.8.0_144\jre\lib\ext\zipfs.jar;C:\Users\Formation\LibrePlanTest\target\test-classes;C:\Users\Formation\LibrePlanTest\target\classes;C:\Users\Formation\.m2\repository\junit\junit\4.12\junit-4.12.jar;C:\Users\Formation\.m2\repository\org\hamcrest\hamcrest-core\1.3\hamcrest-core-1.3.jar;C:\Users\Formation\.m2\repository\org\seleniumhq\selenium\selenium-java\3.8.1\selenium-java-3.8.1.jar;C:\Users\Formation\.m2\repository\org\seleniumhq\selenium\selenium-api\3.8.1\selenium-api-3.8.1.jar;C:\Users\Formation\.m2\repository\org\seleniumhq\selenium\selenium-chrome-driver\3.8.1\selenium-chrome-driver-3.8.1.jar;C:\Users\Formation\.m2\repository\org\seleniumhq\selenium\selenium-edge-driver\3.8.1\selenium-edge-driver-3.8.1.jar;C:\Users\Formation\.m2\repository\org\seleniumhq\selenium\selenium-firefox-driver\3.8.1\selenium-firefox-driver-3.8.1.jar;C:\Users\Formation\.m2\repository\org\seleniumhq\selenium\selenium-ie-driver\3.8.1\selenium-ie-driver-3.8.1.jar;C:\Users\Formation\.m2\repository\org\seleniumhq\selenium\selenium-opera-driver\3.8.1\selenium-opera-driver-3.8.1.jar;C:\Users\Formation\.m2\repository\org\seleniumh
Launcher Type: SUN_STANDARD

Environment Variables:
JAVA_HOME=C:\FORMATION\jdk1.8.0_144
JRE_HOME=C:\Program Files\Java\jre1.8.0_162
CLASSPATH=.;
PATH=C:/Program Files/Java/jre1.8.0_162/bin/server;C:/Program Files/Java/jre1.8.0_162/bin;C:/Program Files/Java/jre1.8.0_162/lib/amd64;C:\ProgramData\Oracle\Java\javapath;C:\windows\system32;C:\windows;C:\windows\System32\Wbem;C:\windows\System32\WindowsPowerShell\v1.0\;C:\ProgramData\chocolatey\bin;C:\FORMATION\apache-maven-3.5.0\bin;C:\FORMATION\jdk1.8.0_144\bin;C:\FORMATION\jdk1.7.0_80\bin;C:\Program Files\Git\cmd;C:\Program Files\nodejs\;C:\Users\Formation\AppData\Local\Microsoft\WindowsApps;C:\tools\mysql\current\bin;C:\Program Files\Oracle\VirtualBox;C:\Users\Formation\AppData\Roaming\npm;C:\Users\Formation\AppData\Local\Programs\Fiddler;C:\windows\system32;
USERNAME=Formation
OS=Windows_NT
PROCESSOR_IDENTIFIER=Intel64 Family 6 Model 142 Stepping 9, GenuineIntel



---------------  S Y S T E M  ---------------

OS: Windows 10.0 , 64 bit Build 15063 (10.0.15063.296)

CPU:total 4 (initial active 4) (2 cores per cpu, 2 threads per core) family 6 model 142 stepping 9, cmov, cx8, fxsr, mmx, sse, sse2, sse3, ssse3, sse4.1, sse4.2, popcnt, avx, avx2, aes, clmul, erms, 3dnowpref, lzcnt, ht, tsc, tscinvbit, bmi1, bmi2, adx

Memory: 4k page, physical 8280508k(1407220k free), swap 9329084k(21360k free)

vm_info: Java HotSpot(TM) 64-Bit Server VM (25.144-b01) for windows-amd64 JRE (1.8.0_144-b01), built on Jul 21 2017 21:57:33 by "java_re" with MS VC++ 10.0 (VS2010)

time: Mon Feb 26 14:11:44 2018
elapsed time: 1 seconds (0d 0h 0m 1s)

